# JRE version: Java(TM) SE Runtime Environment (17.0.3+8) (build 17.0.3+8-LTS-111)
# Java VM: Java HotSpot(TM) 64-Bit Server VM (17.0.3+8-LTS-111, mixed mode, sharing, tiered, compressed class ptrs, z gc, windows-amd64)
GC Precious Log:
 NUMA Support: Disabled
 CPUs: 24 total, 24 available
 Memory: 32509M
 Large Page Support: Disabled
 GC Workers: 6 (dynamic)
 Address Space Type: Contiguous/Unrestricted/Complete
 Address Space Size: 16384M x 3 = 49152M
 Min Capacity: 8M
 Initial Capacity: 508M
 Max Capacity: 1024M
 Medium Page Size: 32M
 Pre-touch: Disabled
 Uncommit: Enabled
 Uncommit Delay: 300s
 Runtime Workers: 10
Heap:
 ZHeap           used 184M, capacity 508M, max capacity 1024M
 Metaspace       used 63830K, committed 64128K, reserved 1114112K
  class space    used 6528K, committed 6656K, reserved 1048576K
GC Heap History (14 events):
Event: 0.331 GC heap before
{Heap before GC invocations=0 (full 0):
 ZHeap           used 126M, capacity 508M, max capacity 1024M
 Metaspace       used 3552K, committed 3712K, reserved 1056768K
  class space    used 287K, committed 384K, reserved 1048576K
}
Event: 0.353 GC heap after
{Heap after GC invocations=1 (full 1):
 ZHeap           used 66M, capacity 508M, max capacity 1024M
 Metaspace       used 3557K, committed 3776K, reserved 1056768K
  class space    used 287K, committed 384K, reserved 1048576K
}
Event: 1.918 GC heap before
{Heap before GC invocations=1 (full 1):
 ZHeap           used 210M, capacity 508M, max capacity 1024M
 Metaspace       used 21299K, committed 21568K, reserved 1073152K
  class space    used 2202K, committed 2304K, reserved 1048576K
}
Event: 1.929 GC heap after
{Heap after GC invocations=2 (full 2):
 ZHeap           used 56M, capacity 508M, max capacity 1024M
 Metaspace       used 21575K, committed 21824K, reserved 1073152K
  class space    used 2242K, committed 2368K, reserved 1048576K
}
Event: 3.953 GC heap before
{Heap before GC invocations=2 (full 2):
 ZHeap           used 132M, capacity 508M, max capacity 1024M
 Metaspace       used 36011K, committed 36352K, reserved 1089536K
  class space    used 3680K, committed 3840K, reserved 1048576K
}
Event: 3.964 GC heap after
{Heap after GC invocations=3 (full 3):
 ZHeap           used 66M, capacity 508M, max capacity 1024M
 Metaspace       used 36264K, committed 36544K, reserved 1089536K
  class space    used 3713K, committed 3840K, reserved 1048576K
}
Event: 4.524 GC heap before
{Heap before GC invocations=3 (full 3):
 ZHeap           used 222M, capacity 508M, max capacity 1024M
 Metaspace       used 51728K, committed 52032K, reserved 1097728K
  class space    used 5661K, committed 5824K, reserved 1048576K
}
Event: 4.551 GC heap after
{Heap after GC invocations=4 (full 4):
 ZHeap           used 94M, capacity 508M, max capacity 1024M
 Metaspace       used 52244K, committed 52544K, reserved 1097728K
  class space    used 5662K, committed 5824K, reserved 1048576K
}
Event: 8.524 GC heap before
{Heap before GC invocations=4 (full 4):
 ZHeap           used 308M, capacity 508M, max capacity 1024M
 Metaspace       used 62698K, committed 62976K, reserved 1105920K
  class space    used 6461K, committed 6592K, reserved 1048576K
}
Event: 8.547 GC heap after
{Heap after GC invocations=5 (full 5):
 ZHeap           used 136M, capacity 508M, max capacity 1024M
 Metaspace       used 62700K, committed 62976K, reserved 1105920K
  class space    used 6461K, committed 6592K, reserved 1048576K
}
Event: 13.323 GC heap before
{Heap before GC invocations=5 (full 5):
 ZHeap           used 406M, capacity 508M, max capacity 1024M
 Metaspace       used 63300K, committed 63680K, reserved 1105920K
  class space    used 6498K, committed 6656K, reserved 1048576K
}
Event: 13.341 GC heap after
{Heap after GC invocations=6 (full 6):
 ZHeap           used 190M, capacity 508M, max capacity 1024M
 Metaspace       used 63300K, committed 63680K, reserved 1105920K
  class space    used 6498K, committed 6656K, reserved 1048576K
}
Event: 15.323 GC heap before
{Heap before GC invocations=6 (full 6):
 ZHeap           used 294M, capacity 508M, max capacity 1024M
 Metaspace       used 63333K, committed 63680K, reserved 1105920K
  class space    used 6498K, committed 6656K, reserved 1048576K
}
Event: 15.339 GC heap after
{Heap after GC invocations=7 (full 7):
 ZHeap           used 104M, capacity 508M, max capacity 1024M
 Metaspace       used 63333K, committed 63680K, reserved 1105920K
  class space    used 6498K, committed 6656K, reserved 1048576K
}

